[2023/04/05 17:33:07] [info] [----------MIGRATION----------]:
[2023/04/05 17:33:08] [info] [----------MIGRATION END------]:
[2023/04/05 17:33:44] [info] [----------MIGRATION----------]:
[2023/04/05 17:33:44] [info] [----------MIGRATION END------]:
[2023/04/05 17:34:00] [info] [updateRound_CREATE_NEW_ROUND]:{"symbol":"ETHUSDT","time":"2023-04-05T10:34:00.092Z","openTime":"2023-04-05T10:34:00.000Z","closeTime":"2023-04-05T10:34:59.000Z","openPrice":1711.6438738493148,"highPrice":1770.628929246944,"lowPrice":1671.2987547924827,"closePrice":1796.2352225488862,"canTrade":false,"closed":false,"buyAmount":0,"sellAmount":0,"buyCount":0,"sellCount":0,"_id":"642d4e985b9caf6f0a0c45d3","__v":0}
[2023/04/05 17:34:00] [info] [updateRound_CREATE_NEW_ROUND]:{"symbol":"BNBUSDT","time":"2023-04-05T10:34:00.108Z","openTime":"2023-04-05T10:34:00.000Z","closeTime":"2023-04-05T10:34:59.000Z","openPrice":261.15716563887185,"highPrice":266.8210328126217,"lowPrice":256.144401392003,"closePrice":250.33448085826976,"canTrade":false,"closed":false,"buyAmount":0,"sellAmount":0,"buyCount":0,"sellCount":0,"_id":"642d4e985b9caf6f0a0c45d8","__v":0}
[2023/04/05 17:34:00] [info] [updateRound_CREATE_NEW_ROUND]:{"symbol":"BTCUSDT","time":"2023-04-05T10:34:00.122Z","openTime":"2023-04-05T10:34:00.000Z","closeTime":"2023-04-05T10:34:59.000Z","openPrice":21792.040291081485,"highPrice":22717.362909185336,"lowPrice":21419.02448002564,"closePrice":21524.912276921837,"canTrade":false,"closed":false,"buyAmount":0,"sellAmount":0,"buyCount":0,"sellCount":0,"_id":"642d4e985b9caf6f0a0c45dd","__v":0}
[2023/04/05 17:35:00] [info] [updateRound_CREATE_NEW_ROUND]:{"symbol":"ETHUSDT","time":"2023-04-05T10:35:00.125Z","openTime":"2023-04-05T10:35:00.000Z","closeTime":"2023-04-05T10:35:59.000Z","openPrice":1796.2352225488862,"highPrice":1856.9233867453927,"lowPrice":1786.7982334172837,"closePrice":1831.047764037268,"canTrade":false,"closed":false,"buyAmount":0,"sellAmount":0,"buyCount":0,"sellCount":0,"_id":"642d4ed45b9caf6f0a0c5057","__v":0}
[2023/04/05 17:35:00] [info] [updateRound_CREATE_NEW_ROUND]:{"symbol":"BNBUSDT","time":"2023-04-05T10:35:00.138Z","openTime":"2023-04-05T10:35:00.000Z","closeTime":"2023-04-05T10:35:59.000Z","openPrice":250.33448085826976,"highPrice":250.91536303907654,"lowPrice":249.83764712940544,"closePrice":238.52833708268693,"canTrade":false,"closed":false,"buyAmount":0,"sellAmount":0,"buyCount":0,"sellCount":0,"_id":"642d4ed45b9caf6f0a0c505c","__v":0}
[2023/04/05 17:35:00] [info] [updateRound_CREATE_NEW_ROUND]:{"symbol":"BTCUSDT","time":"2023-04-05T10:35:00.153Z","openTime":"2023-04-05T10:35:00.000Z","closeTime":"2023-04-05T10:35:59.000Z","openPrice":21524.912276921837,"highPrice":21905.036937574307,"lowPrice":20774.499837121046,"closePrice":21041.521608418796,"canTrade":false,"closed":false,"buyAmount":0,"sellAmount":0,"buyCount":0,"sellCount":0,"_id":"642d4ed45b9caf6f0a0c5061","__v":0}
[2023/04/05 17:36:00] [info] [updateRound_CREATE_NEW_ROUND]:{"symbol":"ETHUSDT","time":"2023-04-05T10:36:00.112Z","openTime":"2023-04-05T10:36:00.000Z","closeTime":"2023-04-05T10:36:59.000Z","openPrice":1831.047764037268,"highPrice":1845.4794950734283,"lowPrice":1745.2374857157802,"closePrice":1836.4727642771963,"canTrade":true,"closed":false,"buyAmount":0,"sellAmount":0,"buyCount":0,"sellCount":0,"_id":"642d4f105b9caf6f0a0c5b07","__v":0}
[2023/04/05 17:36:00] [info] [updateRound_CREATE_NEW_ROUND]:{"symbol":"BNBUSDT","time":"2023-04-05T10:36:00.125Z","openTime":"2023-04-05T10:36:00.000Z","closeTime":"2023-04-05T10:36:59.000Z","openPrice":238.52833708268693,"highPrice":239.6314371923086,"lowPrice":236.52970853851718,"closePrice":233.08402730265684,"canTrade":true,"closed":false,"buyAmount":0,"sellAmount":0,"buyCount":0,"sellCount":0,"_id":"642d4f105b9caf6f0a0c5b0c","__v":0}
[2023/04/05 17:36:00] [info] [updateRound_CREATE_NEW_ROUND]:{"symbol":"BTCUSDT","time":"2023-04-05T10:36:00.138Z","openTime":"2023-04-05T10:36:00.000Z","closeTime":"2023-04-05T10:36:59.000Z","openPrice":21041.521608418796,"highPrice":21168.640503907336,"lowPrice":20328.46179448324,"closePrice":20693.330570225655,"canTrade":true,"closed":false,"buyAmount":0,"sellAmount":0,"buyCount":0,"sellCount":0,"_id":"642d4f105b9caf6f0a0c5b11","__v":0}
[2023/04/05 17:36:02] [info] [CREATE_TRADING_CALL]:{"userId":"6423b7d177d8abcfff6fadcc","symbol":"ETHUSDT","time":"2023-04-05T10:36:02.593Z","openTime":"2023-04-05T10:36:00.000Z","closeTime":"2023-04-05T10:36:59.000Z","type":1,"betCash":10,"benefitPercent":185,"benefit":18.5,"userPaid":true,"masterPaid":false,"_id":"642d4f125b9caf6f0a0c5b85","__v":0}
[2023/04/05 17:36:45] [info] [----------MIGRATION----------]:
[2023/04/05 17:36:45] [info] [----------MIGRATION END------]:
[2023/04/05 17:37:00] [info] [updateRound_CREATE_NEW_ROUND]:{"symbol":"ETHUSDT","time":"2023-04-05T10:37:00.080Z","openTime":"2023-04-05T10:37:00.000Z","closeTime":"2023-04-05T10:37:59.000Z","openPrice":1836.4727642771963,"highPrice":1857.2385106077936,"lowPrice":1754.7833116045065,"closePrice":1881.3690977776512,"canTrade":false,"closed":false,"buyAmount":0,"sellAmount":0,"buyCount":0,"sellCount":0,"_id":"642d4f4c2ddf0d6839838d08","__v":0}
[2023/04/05 17:37:00] [info] [updateRound_CREATE_NEW_ROUND]:{"symbol":"BNBUSDT","time":"2023-04-05T10:37:00.100Z","openTime":"2023-04-05T10:37:00.000Z","closeTime":"2023-04-05T10:37:59.000Z","openPrice":233.08402730265684,"highPrice":239.5440820686106,"lowPrice":227.49406482470772,"closePrice":237.12910452792332,"canTrade":false,"closed":false,"buyAmount":0,"sellAmount":0,"buyCount":0,"sellCount":0,"_id":"642d4f4c2ddf0d6839838d0d","__v":0}
[2023/04/05 17:37:00] [info] [updateRound_CREATE_NEW_ROUND]:{"symbol":"BTCUSDT","time":"2023-04-05T10:37:00.116Z","openTime":"2023-04-05T10:37:00.000Z","closeTime":"2023-04-05T10:37:59.000Z","openPrice":20693.330570225655,"highPrice":21303.986054384717,"lowPrice":20397.46313551141,"closePrice":20123.24134245657,"canTrade":false,"closed":false,"buyAmount":0,"sellAmount":0,"buyCount":0,"sellCount":0,"_id":"642d4f4c2ddf0d6839838d12","__v":0}
[2023/04/05 17:37:08] [info] [----------MIGRATION----------]:
[2023/04/05 17:37:08] [info] [----------MIGRATION END------]:
[2023/04/05 17:38:00] [info] [updateRound_CREATE_NEW_ROUND]:{"symbol":"ETHUSDT","time":"2023-04-05T10:38:00.108Z","openTime":"2023-04-05T10:38:00.000Z","closeTime":"2023-04-05T10:38:59.000Z","openPrice":1881.3690977776512,"highPrice":1889.868154627754,"lowPrice":1818.325639901452,"closePrice":1880.8711147190036,"canTrade":true,"closed":false,"buyAmount":0,"sellAmount":0,"buyCount":0,"sellCount":0,"_id":"642d4f882c99e5dd93af06b6","__v":0}
[2023/04/05 17:38:00] [info] [updateRound_CREATE_NEW_ROUND]:{"symbol":"BNBUSDT","time":"2023-04-05T10:38:00.123Z","openTime":"2023-04-05T10:38:00.000Z","closeTime":"2023-04-05T10:38:59.000Z","openPrice":237.12910452792332,"highPrice":239.9710645342416,"lowPrice":225.83236609695706,"closePrice":245.20700888221495,"canTrade":true,"closed":false,"buyAmount":0,"sellAmount":0,"buyCount":0,"sellCount":0,"_id":"642d4f882c99e5dd93af06bb","__v":0}
[2023/04/05 17:38:00] [info] [updateRound_CREATE_NEW_ROUND]:{"symbol":"BTCUSDT","time":"2023-04-05T10:38:00.136Z","openTime":"2023-04-05T10:38:00.000Z","closeTime":"2023-04-05T10:38:59.000Z","openPrice":20123.24134245657,"highPrice":21008.644905714165,"lowPrice":19592.179802314826,"closePrice":20722.997130779422,"canTrade":true,"closed":false,"buyAmount":0,"sellAmount":0,"buyCount":0,"sellCount":0,"_id":"642d4f882c99e5dd93af06c0","__v":0}
[2023/04/05 17:39:00] [info] [updateRound_CREATE_NEW_ROUND]:{"symbol":"ETHUSDT","time":"2023-04-05T10:39:00.113Z","openTime":"2023-04-05T10:39:00.000Z","closeTime":"2023-04-05T10:39:59.000Z","openPrice":1880.8711147190036,"highPrice":1905.3396249554876,"lowPrice":1844.0763427284958,"closePrice":1934.5839934370858,"canTrade":true,"closed":false,"buyAmount":0,"sellAmount":0,"buyCount":0,"sellCount":0,"_id":"642d4fc42c99e5dd93af1172","__v":0}
[2023/04/05 17:39:00] [info] [updateRound_CREATE_NEW_ROUND]:{"symbol":"BNBUSDT","time":"2023-04-05T10:39:00.126Z","openTime":"2023-04-05T10:39:00.000Z","closeTime":"2023-04-05T10:39:59.000Z","openPrice":245.20700888221495,"highPrice":249.37990490339834,"lowPrice":237.83132256749602,"closePrice":234.14351695936963,"canTrade":true,"closed":false,"buyAmount":0,"sellAmount":0,"buyCount":0,"sellCount":0,"_id":"642d4fc42c99e5dd93af1177","__v":0}
[2023/04/05 17:39:00] [info] [updateRound_CREATE_NEW_ROUND]:{"symbol":"BTCUSDT","time":"2023-04-05T10:39:00.141Z","openTime":"2023-04-05T10:39:00.000Z","closeTime":"2023-04-05T10:39:59.000Z","openPrice":20722.997130779422,"highPrice":20977.83054244617,"lowPrice":20196.40035857931,"closePrice":19781.202477009843,"canTrade":true,"closed":false,"buyAmount":0,"sellAmount":0,"buyCount":0,"sellCount":0,"_id":"642d4fc42c99e5dd93af117c","__v":0}
[2023/04/05 17:40:00] [info] [updateRound_CREATE_NEW_ROUND]:{"symbol":"ETHUSDT","time":"2023-04-05T10:40:00.040Z","openTime":"2023-04-05T10:40:00.000Z","closeTime":"2023-04-05T10:40:59.000Z","openPrice":1934.5839934370858,"highPrice":2013.8843279211228,"lowPrice":1900.4484946047594,"closePrice":1847.9049761034235,"canTrade":false,"closed":false,"buyAmount":0,"sellAmount":0,"buyCount":0,"sellCount":0,"_id":"642d50002c99e5dd93af1c56","__v":0}
[2023/04/05 17:40:00] [info] [updateRound_CREATE_NEW_ROUND]:{"symbol":"BNBUSDT","time":"2023-04-05T10:40:00.053Z","openTime":"2023-04-05T10:40:00.000Z","closeTime":"2023-04-05T10:40:59.000Z","openPrice":234.14351695936963,"highPrice":238.33362280945965,"lowPrice":224.1130968738935,"closePrice":235.121603194326,"canTrade":false,"closed":false,"buyAmount":0,"sellAmount":0,"buyCount":0,"sellCount":0,"_id":"642d50002c99e5dd93af1c5b","__v":0}
[2023/04/05 17:40:00] [info] [updateRound_CREATE_NEW_ROUND]:{"symbol":"BTCUSDT","time":"2023-04-05T10:40:00.067Z","openTime":"2023-04-05T10:40:00.000Z","closeTime":"2023-04-05T10:40:59.000Z","openPrice":19781.202477009843,"highPrice":20088.426366885033,"lowPrice":19372.97605925107,"closePrice":19601.18868446499,"canTrade":false,"closed":false,"buyAmount":0,"sellAmount":0,"buyCount":0,"sellCount":0,"_id":"642d50002c99e5dd93af1c60","__v":0}
[2023/04/05 17:40:29] [info] [----------MIGRATION----------]:
[2023/04/05 17:40:29] [info] [----------MIGRATION END------]:
[2023/04/05 17:40:36] [info] [----------MIGRATION----------]:
[2023/04/05 17:40:37] [info] [----------MIGRATION END------]:
[2023/04/05 17:40:38] [info] [----------MIGRATION----------]:
[2023/04/05 17:40:38] [info] [----------MIGRATION END------]:
[2023/04/05 17:41:00] [info] [updateRound_CREATE_NEW_ROUND]:{"symbol":"ETHUSDT","time":"2023-04-05T10:41:00.054Z","openTime":"2023-04-05T10:41:00.000Z","closeTime":"2023-04-05T10:41:59.000Z","openPrice":1847.9049761034235,"highPrice":1936.7905371194593,"lowPrice":1781.5728347857935,"closePrice":1818.3115650220943,"canTrade":true,"closed":false,"buyAmount":0,"sellAmount":0,"buyCount":0,"sellCount":0,"_id":"642d503c6779b22643de95e5","__v":0}
[2023/04/05 17:41:00] [info] [updateRound_CREATE_NEW_ROUND]:{"symbol":"BNBUSDT","time":"2023-04-05T10:41:00.070Z","openTime":"2023-04-05T10:41:00.000Z","closeTime":"2023-04-05T10:41:59.000Z","openPrice":235.121603194326,"highPrice":238.27476236460413,"lowPrice":224.79816735449316,"closePrice":240.2159036502244,"canTrade":true,"closed":false,"buyAmount":0,"sellAmount":0,"buyCount":0,"sellCount":0,"_id":"642d503c6779b22643de95ea","__v":0}
[2023/04/05 17:41:00] [info] [updateRound_CREATE_NEW_ROUND]:{"symbol":"BTCUSDT","time":"2023-04-05T10:41:00.083Z","openTime":"2023-04-05T10:41:00.000Z","closeTime":"2023-04-05T10:41:59.000Z","openPrice":19601.18868446499,"highPrice":19636.9106893481,"lowPrice":19403.72796758746,"closePrice":19187.1534387726,"canTrade":true,"closed":false,"buyAmount":0,"sellAmount":0,"buyCount":0,"sellCount":0,"_id":"642d503c6779b22643de95ef","__v":0}
[2023/04/05 17:41:31] [info] [----------MIGRATION----------]:
[2023/04/05 17:41:32] [info] [----------MIGRATION END------]:
[2023/04/05 17:42:00] [info] [updateRound_CREATE_NEW_ROUND]:{"symbol":"ETHUSDT","time":"2023-04-05T10:42:00.125Z","openTime":"2023-04-05T10:42:00.000Z","closeTime":"2023-04-05T10:42:59.000Z","openPrice":1818.3115650220943,"highPrice":1905.4078151259914,"lowPrice":1749.6795809063049,"closePrice":1898.715231517946,"canTrade":false,"closed":false,"buyAmount":0,"sellAmount":0,"buyCount":0,"sellCount":0,"_id":"642d50783ca59a804d62d4a9","__v":0}
[2023/04/05 17:42:00] [info] [updateRound_CREATE_NEW_ROUND]:{"symbol":"BNBUSDT","time":"2023-04-05T10:42:00.139Z","openTime":"2023-04-05T10:42:00.000Z","closeTime":"2023-04-05T10:42:59.000Z","openPrice":240.2159036502244,"highPrice":245.29051399538906,"lowPrice":232.20839937599436,"closePrice":230.39836484675712,"canTrade":false,"closed":false,"buyAmount":0,"sellAmount":0,"buyCount":0,"sellCount":0,"_id":"642d50783ca59a804d62d4ae","__v":0}
[2023/04/05 17:42:00] [info] [updateRound_CREATE_NEW_ROUND]:{"symbol":"BTCUSDT","time":"2023-04-05T10:42:00.153Z","openTime":"2023-04-05T10:42:00.000Z","closeTime":"2023-04-05T10:42:59.000Z","openPrice":19187.1534387726,"highPrice":19588.913585719227,"lowPrice":18959.167449190805,"closePrice":19069.627713866517,"canTrade":false,"closed":false,"buyAmount":0,"sellAmount":0,"buyCount":0,"sellCount":0,"_id":"642d50783ca59a804d62d4b3","__v":0}
[2023/04/05 17:43:00] [info] [updateRound_CREATE_NEW_ROUND]:{"symbol":"ETHUSDT","time":"2023-04-05T10:43:00.133Z","openTime":"2023-04-05T10:43:00.000Z","closeTime":"2023-04-05T10:43:59.000Z","openPrice":1898.715231517946,"highPrice":1966.7124417703658,"lowPrice":1842.0154198377136,"closePrice":1848.458893929384,"canTrade":true,"closed":false,"buyAmount":0,"sellAmount":0,"buyCount":0,"sellCount":0,"_id":"642d50b43ca59a804d62df7b","__v":0}
[2023/04/05 17:43:00] [info] [updateRound_CREATE_NEW_ROUND]:{"symbol":"BNBUSDT","time":"2023-04-05T10:43:00.215Z","openTime":"2023-04-05T10:43:00.000Z","closeTime":"2023-04-05T10:43:59.000Z","openPrice":230.39836484675712,"highPrice":233.79331810431657,"lowPrice":229.88361012134817,"closePrice":228.68368604763342,"canTrade":true,"closed":false,"buyAmount":0,"sellAmount":0,"buyCount":0,"sellCount":0,"_id":"642d50b43ca59a804d62df80","__v":0}
[2023/04/05 17:43:00] [info] [updateRound_CREATE_NEW_ROUND]:{"symbol":"BTCUSDT","time":"2023-04-05T10:43:00.239Z","openTime":"2023-04-05T10:43:00.000Z","closeTime":"2023-04-05T10:43:59.000Z","openPrice":19069.627713866517,"highPrice":19159.950044200872,"lowPrice":18686.55726250779,"closePrice":19820.444056031112,"canTrade":true,"closed":false,"buyAmount":0,"sellAmount":0,"buyCount":0,"sellCount":0,"_id":"642d50b43ca59a804d62df85","__v":0}
[2023/04/05 17:43:19] [info] [CREATE_TRADING_CALL]:{"userId":"6423b7d177d8abcfff6fadcc","symbol":"ETHUSDT","time":"2023-04-05T10:43:19.378Z","openTime":"2023-04-05T10:43:00.000Z","closeTime":"2023-04-05T10:43:59.000Z","type":1,"betCash":10,"benefitPercent":185,"benefit":18.5,"userPaid":true,"masterPaid":false,"_id":"642d50c73ca59a804d62e308","__v":0}
[2023/04/05 17:44:00] [info] [updateRound_CREATE_NEW_ROUND]:{"symbol":"ETHUSDT","time":"2023-04-05T10:44:00.066Z","openTime":"2023-04-05T10:44:00.000Z","closeTime":"2023-04-05T10:44:59.000Z","openPrice":1848.458893929384,"highPrice":1912.280748601998,"lowPrice":1760.7043921515976,"closePrice":1842.2751118330293,"canTrade":true,"closed":false,"buyAmount":0,"sellAmount":0,"buyCount":0,"sellCount":0,"_id":"642d50f03ca59a804d62ea8c","__v":0}
[2023/04/05 17:44:00] [info] [updateRound_CREATE_NEW_ROUND]:{"symbol":"BNBUSDT","time":"2023-04-05T10:44:00.077Z","openTime":"2023-04-05T10:44:00.000Z","closeTime":"2023-04-05T10:44:59.000Z","openPrice":228.68368604763342,"highPrice":237.33711058668874,"lowPrice":220.69519181435834,"closePrice":218.91245492318959,"canTrade":true,"closed":false,"buyAmount":0,"sellAmount":0,"buyCount":0,"sellCount":0,"_id":"642d50f03ca59a804d62ea91","__v":0}
[2023/04/05 17:44:00] [info] [updateRound_CREATE_NEW_ROUND]:{"symbol":"BTCUSDT","time":"2023-04-05T10:44:00.089Z","openTime":"2023-04-05T10:44:00.000Z","closeTime":"2023-04-05T10:44:59.000Z","openPrice":19820.444056031112,"highPrice":20148.72400998738,"lowPrice":19741.914994858933,"closePrice":20564.41546695898,"canTrade":true,"closed":false,"buyAmount":0,"sellAmount":0,"buyCount":0,"sellCount":0,"_id":"642d50f03ca59a804d62ea96","__v":0}
[2023/04/05 17:44:05] [info] [CREATE_TRADING_CALL]:{"userId":"6423b7d177d8abcfff6fadcc","symbol":"ETHUSDT","time":"2023-04-05T10:44:05.008Z","openTime":"2023-04-05T10:44:00.000Z","closeTime":"2023-04-05T10:44:59.000Z","type":2,"betCash":10,"benefitPercent":185,"benefit":18.5,"userPaid":true,"masterPaid":false,"_id":"642d50f53ca59a804d62eb7d","__v":0}
[2023/04/05 17:45:00] [info] [updateRound_CREATE_NEW_ROUND]:{"symbol":"ETHUSDT","time":"2023-04-05T10:45:00.081Z","openTime":"2023-04-05T10:45:00.000Z","closeTime":"2023-04-05T10:45:59.000Z","openPrice":1842.2751118330293,"highPrice":1854.9471961811962,"lowPrice":1835.77389627936,"closePrice":1851.1415510159104,"canTrade":true,"closed":false,"buyAmount":0,"sellAmount":0,"buyCount":0,"sellCount":0,"_id":"642d512c3ca59a804d62f596","__v":0}
[2023/04/05 17:45:00] [info] [updateRound_CREATE_NEW_ROUND]:{"symbol":"BNBUSDT","time":"2023-04-05T10:45:00.096Z","openTime":"2023-04-05T10:45:00.000Z","closeTime":"2023-04-05T10:45:59.000Z","openPrice":218.91245492318959,"highPrice":227.36765947974183,"lowPrice":217.41749002435068,"closePrice":218.01198040615685,"canTrade":true,"closed":false,"buyAmount":0,"sellAmount":0,"buyCount":0,"sellCount":0,"_id":"642d512c3ca59a804d62f59b","__v":0}
[2023/04/05 17:45:00] [info] [updateRound_CREATE_NEW_ROUND]:{"symbol":"BTCUSDT","time":"2023-04-05T10:45:00.108Z","openTime":"2023-04-05T10:45:00.000Z","closeTime":"2023-04-05T10:45:59.000Z","openPrice":20564.41546695898,"highPrice":21556.220503650977,"lowPrice":19618.15955380321,"closePrice":21130.413233466832,"canTrade":true,"closed":false,"buyAmount":0,"sellAmount":0,"buyCount":0,"sellCount":0,"_id":"642d512c3ca59a804d62f5a0","__v":0}
[2023/04/05 17:46:00] [info] [updateRound_CREATE_NEW_ROUND]:{"symbol":"ETHUSDT","time":"2023-04-05T10:46:00.095Z","openTime":"2023-04-05T10:46:00.000Z","closeTime":"2023-04-05T10:46:59.000Z","openPrice":1851.1415510159104,"highPrice":1905.7883339324662,"lowPrice":1832.7178134686978,"closePrice":1758.6071621602248,"canTrade":true,"closed":false,"buyAmount":0,"sellAmount":0,"buyCount":0,"sellCount":0,"_id":"642d51683ca59a804d630079","__v":0}
[2023/04/05 17:46:00] [info] [updateRound_CREATE_NEW_ROUND]:{"symbol":"BNBUSDT","time":"2023-04-05T10:46:00.108Z","openTime":"2023-04-05T10:46:00.000Z","closeTime":"2023-04-05T10:46:59.000Z","openPrice":218.01198040615685,"highPrice":220.94013474853088,"lowPrice":213.04461770045657,"closePrice":207.94216641407954,"canTrade":true,"closed":false,"buyAmount":0,"sellAmount":0,"buyCount":0,"sellCount":0,"_id":"642d51683ca59a804d63007e","__v":0}
[2023/04/05 17:46:00] [info] [updateRound_CREATE_NEW_ROUND]:{"symbol":"BTCUSDT","time":"2023-04-05T10:46:00.121Z","openTime":"2023-04-05T10:46:00.000Z","closeTime":"2023-04-05T10:46:59.000Z","openPrice":21130.413233466832,"highPrice":21368.764271141776,"lowPrice":21105.886402651264,"closePrice":21952.312875665775,"canTrade":true,"closed":false,"buyAmount":0,"sellAmount":0,"buyCount":0,"sellCount":0,"_id":"642d51683ca59a804d630083","__v":0}
[2023/04/05 17:46:02] [info] [----------MIGRATION----------]:
[2023/04/05 17:46:02] [info] [----------MIGRATION END------]:
[2023/04/05 17:46:30] [info] [----------MIGRATION----------]:
[2023/04/05 17:46:30] [info] [----------MIGRATION END------]:
[2023/04/05 17:47:00] [info] [updateRound_CREATE_NEW_ROUND]:{"symbol":"ETHUSDT","time":"2023-04-05T10:47:00.117Z","openTime":"2023-04-05T10:47:00.000Z","closeTime":"2023-04-05T10:47:59.000Z","openPrice":1758.6071621602248,"highPrice":1836.3178159731626,"lowPrice":1680.588826046196,"closePrice":1760.7495705979823,"canTrade":false,"closed":false,"buyAmount":0,"sellAmount":0,"buyCount":0,"sellCount":0,"_id":"642d51a49785eef8d709694c","__v":0}
[2023/04/05 17:47:00] [info] [updateRound_CREATE_NEW_ROUND]:{"symbol":"BNBUSDT","time":"2023-04-05T10:47:00.138Z","openTime":"2023-04-05T10:47:00.000Z","closeTime":"2023-04-05T10:47:59.000Z","openPrice":207.94216641407954,"highPrice":214.76800045233924,"lowPrice":199.92219645371975,"closePrice":212.33361616355015,"canTrade":false,"closed":false,"buyAmount":0,"sellAmount":0,"buyCount":0,"sellCount":0,"_id":"642d51a49785eef8d7096951","__v":0}
[2023/04/05 17:47:00] [info] [updateRound_CREATE_NEW_ROUND]:{"symbol":"BTCUSDT","time":"2023-04-05T10:47:00.157Z","openTime":"2023-04-05T10:47:00.000Z","closeTime":"2023-04-05T10:47:59.000Z","openPrice":21952.312875665775,"highPrice":22826.16305441795,"lowPrice":21160.32886298704,"closePrice":21016.26006695487,"canTrade":false,"closed":false,"buyAmount":0,"sellAmount":0,"buyCount":0,"sellCount":0,"_id":"642d51a49785eef8d7096956","__v":0}
[2023/04/05 17:47:08] [info] [----------MIGRATION----------]:
[2023/04/05 17:47:08] [info] [----------MIGRATION END------]:
[2023/04/05 17:47:29] [info] [----------MIGRATION----------]:
[2023/04/05 17:47:29] [info] [----------MIGRATION END------]:
[2023/04/05 17:47:46] [info] [----------MIGRATION----------]:
[2023/04/05 17:47:46] [info] [----------MIGRATION END------]:
[2023/04/05 17:47:48] [info] [----------MIGRATION----------]:
[2023/04/05 17:47:48] [info] [----------MIGRATION END------]:
[2023/04/05 17:47:52] [info] [----------MIGRATION----------]:
[2023/04/05 17:47:52] [info] [----------MIGRATION END------]:
[2023/04/05 17:48:00] [info] [updateRound_CREATE_NEW_ROUND]:{"symbol":"ETHUSDT","time":"2023-04-05T10:48:00.036Z","openTime":"2023-04-05T10:48:00.000Z","closeTime":"2023-04-05T10:48:59.000Z","openPrice":1760.7495705979823,"highPrice":1806.394801603948,"lowPrice":1729.2620862723786,"closePrice":1761.5475477811221,"canTrade":true,"closed":false,"buyAmount":0,"sellAmount":0,"buyCount":0,"sellCount":0,"_id":"642d51e0e786e28e1c065570","__v":0}
[2023/04/05 17:48:00] [info] [updateRound_CREATE_NEW_ROUND]:{"symbol":"BNBUSDT","time":"2023-04-05T10:48:00.055Z","openTime":"2023-04-05T10:48:00.000Z","closeTime":"2023-04-05T10:48:59.000Z","openPrice":212.33361616355015,"highPrice":222.89160734380079,"lowPrice":204.2035524038631,"closePrice":207.78513799291733,"canTrade":true,"closed":false,"buyAmount":0,"sellAmount":0,"buyCount":0,"sellCount":0,"_id":"642d51e0e786e28e1c065575","__v":0}
[2023/04/05 17:48:00] [info] [updateRound_CREATE_NEW_ROUND]:{"symbol":"BTCUSDT","time":"2023-04-05T10:48:00.070Z","openTime":"2023-04-05T10:48:00.000Z","closeTime":"2023-04-05T10:48:59.000Z","openPrice":21016.26006695487,"highPrice":21102.233265076615,"lowPrice":20446.629857637778,"closePrice":21201.78322683013,"canTrade":true,"closed":false,"buyAmount":0,"sellAmount":0,"buyCount":0,"sellCount":0,"_id":"642d51e0e786e28e1c06557a","__v":0}
[2023/04/05 17:48:07] [info] [----------MIGRATION----------]:
[2023/04/05 17:48:07] [info] [----------MIGRATION END------]:
[2023/04/05 17:48:36] [info] [----------MIGRATION----------]:
[2023/04/05 17:48:36] [info] [----------MIGRATION END------]:
[2023/04/05 17:48:49] [info] [----------MIGRATION----------]:
[2023/04/05 17:48:49] [info] [----------MIGRATION END------]:
[2023/04/05 17:49:00] [info] [updateRound_CREATE_NEW_ROUND]:{"symbol":"ETHUSDT","time":"2023-04-05T10:49:00.084Z","openTime":"2023-04-05T10:49:00.000Z","closeTime":"2023-04-05T10:49:59.000Z","openPrice":1761.5475477811221,"highPrice":1809.4809029332941,"lowPrice":1750.0320875248963,"closePrice":1846.2242485293532,"canTrade":true,"closed":false,"buyAmount":0,"sellAmount":0,"buyCount":0,"sellCount":0,"_id":"642d521c5fe2c4b1bf703103","__v":0}
[2023/04/05 17:49:00] [info] [updateRound_CREATE_NEW_ROUND]:{"symbol":"BNBUSDT","time":"2023-04-05T10:49:00.102Z","openTime":"2023-04-05T10:49:00.000Z","closeTime":"2023-04-05T10:49:59.000Z","openPrice":207.78513799291733,"highPrice":208.28842360660312,"lowPrice":202.61083457943556,"closePrice":200.7069729271378,"canTrade":true,"closed":false,"buyAmount":0,"sellAmount":0,"buyCount":0,"sellCount":0,"_id":"642d521c5fe2c4b1bf703108","__v":0}
[2023/04/05 17:49:00] [info] [updateRound_CREATE_NEW_ROUND]:{"symbol":"BTCUSDT","time":"2023-04-05T10:49:00.115Z","openTime":"2023-04-05T10:49:00.000Z","closeTime":"2023-04-05T10:49:59.000Z","openPrice":21201.78322683013,"highPrice":21466.3114880201,"lowPrice":20432.464918028352,"closePrice":21992.14793249985,"canTrade":true,"closed":false,"buyAmount":0,"sellAmount":0,"buyCount":0,"sellCount":0,"_id":"642d521c5fe2c4b1bf70310d","__v":0}
[2023/04/05 17:49:07] [info] [----------MIGRATION----------]:
[2023/04/05 17:49:08] [info] [----------MIGRATION END------]:
[2023/04/05 17:49:43] [info] [----------MIGRATION----------]:
[2023/04/05 17:49:43] [info] [----------MIGRATION END------]:
[2023/04/05 17:50:14] [info] [----------MIGRATION----------]:
[2023/04/05 17:50:14] [info] [----------MIGRATION END------]:
[2023/04/05 17:50:14] [info] [updateRound_CREATE_NEW_ROUND]:{"symbol":"ETHUSDT","time":"2023-04-05T10:50:14.575Z","openTime":"2023-04-05T10:50:00.000Z","closeTime":"2023-04-05T10:50:59.000Z","openPrice":1846.2242485293532,"highPrice":1870.5170930582801,"lowPrice":1838.527058105148,"closePrice":1819.9969044698291,"canTrade":false,"closed":false,"buyAmount":0,"sellAmount":0,"buyCount":0,"sellCount":0,"_id":"642d52663a7f2f05b739e47a","__v":0}
[2023/04/05 17:50:14] [info] [updateRound_CREATE_NEW_ROUND]:{"symbol":"BNBUSDT","time":"2023-04-05T10:50:14.605Z","openTime":"2023-04-05T10:50:00.000Z","closeTime":"2023-04-05T10:50:59.000Z","openPrice":200.7069729271378,"highPrice":204.06164270296537,"lowPrice":195.3698592196476,"closePrice":197.09516168791137,"canTrade":false,"closed":false,"buyAmount":0,"sellAmount":0,"buyCount":0,"sellCount":0,"_id":"642d52663a7f2f05b739e482","__v":0}
[2023/04/05 17:50:14] [info] [updateRound_CREATE_NEW_ROUND]:{"symbol":"BTCUSDT","time":"2023-04-05T10:50:14.625Z","openTime":"2023-04-05T10:50:00.000Z","closeTime":"2023-04-05T10:50:59.000Z","openPrice":21992.14793249985,"highPrice":22825.481650547652,"lowPrice":21272.756767779483,"closePrice":22760.1421854242,"canTrade":false,"closed":false,"buyAmount":0,"sellAmount":0,"buyCount":0,"sellCount":0,"_id":"642d52663a7f2f05b739e48a","__v":0}
[2023/04/05 17:50:19] [info] [----------MIGRATION----------]:
[2023/04/05 17:50:19] [info] [----------MIGRATION END------]:
[2023/04/05 17:50:42] [info] [----------MIGRATION----------]:
[2023/04/05 17:50:42] [info] [----------MIGRATION END------]:
[2023/04/05 17:50:53] [info] [----------MIGRATION----------]:
[2023/04/05 17:50:53] [info] [----------MIGRATION END------]:
[2023/04/05 17:51:00] [info] [updateRound_CREATE_NEW_ROUND]:{"symbol":"ETHUSDT","time":"2023-04-05T10:51:00.030Z","openTime":"2023-04-05T10:51:00.000Z","closeTime":"2023-04-05T10:51:59.000Z","openPrice":1819.9969044698291,"highPrice":1904.7721855894415,"lowPrice":1778.599323429413,"closePrice":1731.948196182822,"canTrade":true,"closed":false,"buyAmount":0,"sellAmount":0,"buyCount":0,"sellCount":0,"_id":"642d5294d0167316fc55e511","__v":0}
[2023/04/05 17:51:00] [info] [updateRound_CREATE_NEW_ROUND]:{"symbol":"BNBUSDT","time":"2023-04-05T10:51:00.052Z","openTime":"2023-04-05T10:51:00.000Z","closeTime":"2023-04-05T10:51:59.000Z","openPrice":197.09516168791137,"highPrice":198.6921577486912,"lowPrice":187.54814188733172,"closePrice":203.62866819228296,"canTrade":true,"closed":false,"buyAmount":0,"sellAmount":0,"buyCount":0,"sellCount":0,"_id":"642d5294d0167316fc55e51b","__v":0}
[2023/04/05 17:51:00] [info] [updateRound_CREATE_NEW_ROUND]:{"symbol":"BTCUSDT","time":"2023-04-05T10:51:00.069Z","openTime":"2023-04-05T10:51:00.000Z","closeTime":"2023-04-05T10:51:59.000Z","openPrice":22760.1421854242,"highPrice":23115.425887914655,"lowPrice":22422.405100771168,"closePrice":23277.873124467962,"canTrade":true,"closed":false,"buyAmount":0,"sellAmount":0,"buyCount":0,"sellCount":0,"_id":"642d5294d0167316fc55e521","__v":0}
[2023/04/05 17:51:06] [info] [----------MIGRATION----------]:
[2023/04/05 17:51:06] [info] [----------MIGRATION END------]:
[2023/04/05 17:51:24] [info] [----------MIGRATION----------]:
[2023/04/05 17:51:24] [info] [----------MIGRATION END------]:
[2023/04/05 17:52:00] [info] [updateRound_CREATE_NEW_ROUND]:{"symbol":"ETHUSDT","time":"2023-04-05T10:52:00.067Z","openTime":"2023-04-05T10:52:00.000Z","closeTime":"2023-04-05T10:52:59.000Z","openPrice":1731.948196182822,"highPrice":1809.8275110001803,"lowPrice":1680.2201213989404,"closePrice":1707.7068458887682,"canTrade":false,"closed":false,"buyAmount":0,"sellAmount":0,"buyCount":0,"sellCount":0,"_id":"642d52d0dc0d9f23984daa14","__v":0}
[2023/04/05 17:52:00] [info] [updateRound_CREATE_NEW_ROUND]:{"symbol":"BNBUSDT","time":"2023-04-05T10:52:00.115Z","openTime":"2023-04-05T10:52:00.000Z","closeTime":"2023-04-05T10:52:59.000Z","openPrice":203.62866819228296,"highPrice":209.4583416268285,"lowPrice":194.24723844127095,"closePrice":213.50629195862882,"canTrade":false,"closed":false,"buyAmount":0,"sellAmount":0,"buyCount":0,"sellCount":0,"_id":"642d52d0dc0d9f23984daa1a","__v":0}
[2023/04/05 17:52:00] [info] [updateRound_CREATE_NEW_ROUND]:{"symbol":"BTCUSDT","time":"2023-04-05T10:52:00.132Z","openTime":"2023-04-05T10:52:00.000Z","closeTime":"2023-04-05T10:52:59.000Z","openPrice":23277.873124467962,"highPrice":24385.3227825748,"lowPrice":23204.769789170587,"closePrice":24224.57679521847,"canTrade":false,"closed":false,"buyAmount":0,"sellAmount":0,"buyCount":0,"sellCount":0,"_id":"642d52d0dc0d9f23984daa1f","__v":0}
[2023/04/05 17:52:15] [info] [----------MIGRATION----------]:
[2023/04/05 17:52:15] [info] [----------MIGRATION END------]:
[2023/04/05 17:52:26] [info] [----------MIGRATION----------]:
[2023/04/05 17:52:27] [info] [----------MIGRATION END------]:
[2023/04/05 17:53:00] [info] [updateRound_CREATE_NEW_ROUND]:{"symbol":"ETHUSDT","time":"2023-04-05T10:53:00.032Z","openTime":"2023-04-05T10:53:00.000Z","closeTime":"2023-04-05T10:53:59.000Z","openPrice":1707.7068458887682,"highPrice":1764.3494728124222,"lowPrice":1672.5861016196234,"closePrice":1773.3678225874241,"canTrade":false,"closed":false,"buyAmount":0,"sellAmount":0,"buyCount":0,"sellCount":0,"_id":"642d530c3603128f2cf3bb6f","__v":0}
[2023/04/05 17:53:00] [info] [updateRound_CREATE_NEW_ROUND]:{"symbol":"BNBUSDT","time":"2023-04-05T10:53:00.052Z","openTime":"2023-04-05T10:53:00.000Z","closeTime":"2023-04-05T10:53:59.000Z","openPrice":213.50629195862882,"highPrice":222.21949242475455,"lowPrice":204.0628451525628,"closePrice":208.9271188648409,"canTrade":false,"closed":false,"buyAmount":0,"sellAmount":0,"buyCount":0,"sellCount":0,"_id":"642d530c3603128f2cf3bb74","__v":0}
[2023/04/05 17:53:00] [info] [updateRound_CREATE_NEW_ROUND]:{"symbol":"BTCUSDT","time":"2023-04-05T10:53:00.070Z","openTime":"2023-04-05T10:53:00.000Z","closeTime":"2023-04-05T10:53:59.000Z","openPrice":24224.57679521847,"highPrice":24259.79019267017,"lowPrice":23820.881985506778,"closePrice":25302.52304143546,"canTrade":false,"closed":false,"buyAmount":0,"sellAmount":0,"buyCount":0,"sellCount":0,"_id":"642d530c3603128f2cf3bb79","__v":0}
[2023/04/05 17:54:00] [info] [updateRound_CREATE_NEW_ROUND]:{"symbol":"ETHUSDT","time":"2023-04-05T10:54:00.122Z","openTime":"2023-04-05T10:54:00.000Z","closeTime":"2023-04-05T10:54:59.000Z","openPrice":1773.3678225874241,"highPrice":1792.8972604975913,"lowPrice":1692.3476668418816,"closePrice":1703.4588671239303,"canTrade":false,"closed":false,"buyAmount":0,"sellAmount":0,"buyCount":0,"sellCount":0,"_id":"642d53483603128f2cf3c65d","__v":0}
[2023/04/05 17:54:00] [info] [updateRound_CREATE_NEW_ROUND]:{"symbol":"BNBUSDT","time":"2023-04-05T10:54:00.136Z","openTime":"2023-04-05T10:54:00.000Z","closeTime":"2023-04-05T10:54:59.000Z","openPrice":208.9271188648409,"highPrice":210.50826092964218,"lowPrice":207.73098058378048,"closePrice":217.98251269390096,"canTrade":false,"closed":false,"buyAmount":0,"sellAmount":0,"buyCount":0,"sellCount":0,"_id":"642d53483603128f2cf3c662","__v":0}
[2023/04/05 17:54:00] [info] [updateRound_CREATE_NEW_ROUND]:{"symbol":"BTCUSDT","time":"2023-04-05T10:54:00.153Z","openTime":"2023-04-05T10:54:00.000Z","closeTime":"2023-04-05T10:54:59.000Z","openPrice":25302.52304143546,"highPrice":25867.712136821672,"lowPrice":24943.50385946327,"closePrice":26058.550589756396,"canTrade":false,"closed":false,"buyAmount":0,"sellAmount":0,"buyCount":0,"sellCount":0,"_id":"642d53483603128f2cf3c667","__v":0}
[2023/04/05 17:54:11] [info] [----------MIGRATION----------]:
[2023/04/05 17:54:11] [info] [----------MIGRATION END------]:
[2023/04/05 17:54:45] [info] [----------MIGRATION----------]:
[2023/04/05 17:54:45] [info] [----------MIGRATION END------]:
[2023/04/05 17:55:00] [info] [updateRound_CREATE_NEW_ROUND]:{"symbol":"ETHUSDT","time":"2023-04-05T10:55:00.064Z","openTime":"2023-04-05T10:55:00.000Z","closeTime":"2023-04-05T10:55:59.000Z","openPrice":1703.4588671239303,"highPrice":1725.723587363203,"lowPrice":1657.324877770693,"closePrice":1764.2043247529855,"canTrade":false,"closed":false,"buyAmount":0,"sellAmount":0,"buyCount":0,"sellCount":0,"_id":"642d538404b10bb2fc92e910","__v":0}
[2023/04/05 17:55:00] [info] [updateRound_CREATE_NEW_ROUND]:{"symbol":"BNBUSDT","time":"2023-04-05T10:55:00.080Z","openTime":"2023-04-05T10:55:00.000Z","closeTime":"2023-04-05T10:55:59.000Z","openPrice":217.98251269390096,"highPrice":220.71228091664548,"lowPrice":215.2081926816346,"closePrice":207.80696954014624,"canTrade":false,"closed":false,"buyAmount":0,"sellAmount":0,"buyCount":0,"sellCount":0,"_id":"642d538404b10bb2fc92e915","__v":0}
[2023/04/05 17:55:00] [info] [updateRound_CREATE_NEW_ROUND]:{"symbol":"BTCUSDT","time":"2023-04-05T10:55:00.098Z","openTime":"2023-04-05T10:55:00.000Z","closeTime":"2023-04-05T10:55:59.000Z","openPrice":26058.550589756396,"highPrice":26889.7730306416,"lowPrice":24954.29793458619,"closePrice":26124.564755318763,"canTrade":false,"closed":false,"buyAmount":0,"sellAmount":0,"buyCount":0,"sellCount":0,"_id":"642d538404b10bb2fc92e91a","__v":0}
[2023/04/05 17:55:04] [info] [----------MIGRATION----------]:
[2023/04/05 17:55:05] [info] [----------MIGRATION END------]:
[2023/04/05 17:55:25] [info] [----------MIGRATION----------]:
[2023/04/05 17:55:25] [info] [----------MIGRATION END------]:
[2023/04/05 17:56:00] [info] [updateRound_CREATE_NEW_ROUND]:{"symbol":"ETHUSDT","time":"2023-04-05T10:56:00.137Z","openTime":"2023-04-05T10:56:00.000Z","closeTime":"2023-04-05T10:56:59.000Z","openPrice":1764.2043247529855,"highPrice":1774.0029808180482,"lowPrice":1752.4641887658615,"closePrice":1760.6027762026667,"canTrade":false,"closed":false,"buyAmount":0,"sellAmount":0,"buyCount":0,"sellCount":0,"_id":"642d53c037c20b00db0752a9","__v":0}
[2023/04/05 17:56:00] [info] [updateRound_CREATE_NEW_ROUND]:{"symbol":"BNBUSDT","time":"2023-04-05T10:56:00.153Z","openTime":"2023-04-05T10:56:00.000Z","closeTime":"2023-04-05T10:56:59.000Z","openPrice":207.80696954014624,"highPrice":211.83094247229226,"lowPrice":199.94769168836532,"closePrice":214.5530101505082,"canTrade":false,"closed":false,"buyAmount":0,"sellAmount":0,"buyCount":0,"sellCount":0,"_id":"642d53c037c20b00db0752ae","__v":0}
[2023/04/05 17:56:00] [info] [updateRound_CREATE_NEW_ROUND]:{"symbol":"BTCUSDT","time":"2023-04-05T10:56:00.171Z","openTime":"2023-04-05T10:56:00.000Z","closeTime":"2023-04-05T10:56:59.000Z","openPrice":26124.564755318763,"highPrice":27054.004548417866,"lowPrice":25176.837523344093,"closePrice":25963.828490189946,"canTrade":false,"closed":false,"buyAmount":0,"sellAmount":0,"buyCount":0,"sellCount":0,"_id":"642d53c037c20b00db0752b3","__v":0}
[2023/04/05 17:56:07] [info] [----------MIGRATION----------]:
[2023/04/05 17:56:07] [info] [----------MIGRATION END------]:
[2023/04/05 17:56:32] [info] [----------MIGRATION----------]:
[2023/04/05 17:56:32] [info] [----------MIGRATION END------]:
[2023/04/05 17:56:38] [info] [----------MIGRATION----------]:
[2023/04/05 17:56:39] [info] [----------MIGRATION END------]:
[2023/04/05 17:57:00] [info] [updateRound_CREATE_NEW_ROUND]:{"symbol":"ETHUSDT","time":"2023-04-05T10:57:00.021Z","openTime":"2023-04-05T10:57:00.000Z","closeTime":"2023-04-05T10:57:59.000Z","openPrice":1760.6027762026667,"highPrice":1768.5701313201448,"lowPrice":1710.7253744386198,"closePrice":1720.6061400276762,"canTrade":true,"closed":false,"buyAmount":0,"sellAmount":0,"buyCount":0,"sellCount":0,"_id":"642d53fc22ed3df979464be9","__v":0}
[2023/04/05 17:57:00] [info] [updateRound_CREATE_NEW_ROUND]:{"symbol":"BNBUSDT","time":"2023-04-05T10:57:00.036Z","openTime":"2023-04-05T10:57:00.000Z","closeTime":"2023-04-05T10:57:59.000Z","openPrice":214.5530101505082,"highPrice":216.62590456534593,"lowPrice":210.54186633955845,"closePrice":219.1474482831945,"canTrade":true,"closed":false,"buyAmount":0,"sellAmount":0,"buyCount":0,"sellCount":0,"_id":"642d53fc22ed3df979464bee","__v":0}
[2023/04/05 17:57:00] [info] [updateRound_CREATE_NEW_ROUND]:{"symbol":"BTCUSDT","time":"2023-04-05T10:57:00.052Z","openTime":"2023-04-05T10:57:00.000Z","closeTime":"2023-04-05T10:57:59.000Z","openPrice":25963.828490189946,"highPrice":26528.234585934013,"lowPrice":25519.946887820126,"closePrice":24902.23873626662,"canTrade":true,"closed":false,"buyAmount":0,"sellAmount":0,"buyCount":0,"sellCount":0,"_id":"642d53fc22ed3df979464bf3","__v":0}
[2023/04/05 17:57:08] [info] [----------MIGRATION----------]:
[2023/04/05 17:57:08] [info] [----------MIGRATION END------]:
[2023/04/05 17:57:33] [info] [----------MIGRATION----------]:
[2023/04/05 17:57:33] [info] [----------MIGRATION END------]:
[2023/04/05 17:57:58] [info] [----------MIGRATION----------]:
[2023/04/05 17:57:58] [info] [----------MIGRATION END------]:
[2023/04/05 17:58:00] [info] [updateRound_CREATE_NEW_ROUND]:{"symbol":"ETHUSDT","time":"2023-04-05T10:58:00.071Z","openTime":"2023-04-05T10:58:00.000Z","closeTime":"2023-04-05T10:58:59.000Z","openPrice":1720.6061400276762,"highPrice":1790.1375850688694,"lowPrice":1655.364676277013,"closePrice":1644.7483862811628,"canTrade":false,"closed":false,"buyAmount":0,"sellAmount":0,"buyCount":0,"sellCount":0,"_id":"642d54380c66d991f41daaed","__v":0}
[2023/04/05 17:58:00] [info] [updateRound_CREATE_NEW_ROUND]:{"symbol":"BNBUSDT","time":"2023-04-05T10:58:00.096Z","openTime":"2023-04-05T10:58:00.000Z","closeTime":"2023-04-05T10:58:59.000Z","openPrice":219.1474482831945,"highPrice":223.72950353837624,"lowPrice":216.73262477419118,"closePrice":223.27553010095372,"canTrade":false,"closed":false,"buyAmount":0,"sellAmount":0,"buyCount":0,"sellCount":0,"_id":"642d54380c66d991f41daaf2","__v":0}
[2023/04/05 17:58:00] [info] [updateRound_CREATE_NEW_ROUND]:{"symbol":"BTCUSDT","time":"2023-04-05T10:58:00.120Z","openTime":"2023-04-05T10:58:00.000Z","closeTime":"2023-04-05T10:58:59.000Z","openPrice":24902.23873626662,"highPrice":25916.1285066622,"lowPrice":23874.086052174527,"closePrice":25878.732166192094,"canTrade":false,"closed":false,"buyAmount":0,"sellAmount":0,"buyCount":0,"sellCount":0,"_id":"642d54380c66d991f41daaf7","__v":0}
[2023/04/05 17:58:02] [info] [----------MIGRATION----------]:
[2023/04/05 17:58:02] [info] [----------MIGRATION END------]:
[2023/04/05 17:58:10] [info] [----------MIGRATION----------]:
[2023/04/05 17:58:10] [info] [----------MIGRATION END------]:
[2023/04/05 17:58:22] [info] [----------MIGRATION----------]:
[2023/04/05 17:58:22] [info] [----------MIGRATION END------]:
[2023/04/05 17:58:57] [info] [----------MIGRATION----------]:
[2023/04/05 17:58:58] [info] [----------MIGRATION END------]:
[2023/04/05 17:59:00] [info] [updateRound_CREATE_NEW_ROUND]:{"symbol":"ETHUSDT","time":"2023-04-05T10:59:00.127Z","openTime":"2023-04-05T10:59:00.000Z","closeTime":"2023-04-05T10:59:59.000Z","openPrice":1644.7483862811628,"highPrice":1704.0379567791156,"lowPrice":1581.8048811423891,"closePrice":1575.4983275984216,"canTrade":true,"closed":false,"buyAmount":0,"sellAmount":0,"buyCount":0,"sellCount":0,"_id":"642d5474b4a2e42c8570dcc2","__v":0}
[2023/04/05 17:59:00] [info] [updateRound_CREATE_NEW_ROUND]:{"symbol":"BNBUSDT","time":"2023-04-05T10:59:00.147Z","openTime":"2023-04-05T10:59:00.000Z","closeTime":"2023-04-05T10:59:59.000Z","openPrice":223.27553010095372,"highPrice":232.5281452464605,"lowPrice":215.41267261500843,"closePrice":223.73095390277462,"canTrade":true,"closed":false,"buyAmount":0,"sellAmount":0,"buyCount":0,"sellCount":0,"_id":"642d5474b4a2e42c8570dcc7","__v":0}
[2023/04/05 17:59:00] [info] [updateRound_CREATE_NEW_ROUND]:{"symbol":"BTCUSDT","time":"2023-04-05T10:59:00.161Z","openTime":"2023-04-05T10:59:00.000Z","closeTime":"2023-04-05T10:59:59.000Z","openPrice":25878.732166192094,"highPrice":26496.4293287427,"lowPrice":25009.16236756131,"closePrice":25524.244365973726,"canTrade":true,"closed":false,"buyAmount":0,"sellAmount":0,"buyCount":0,"sellCount":0,"_id":"642d5474b4a2e42c8570dccc","__v":0}
[2023/04/05 17:59:18] [info] [----------MIGRATION----------]:
[2023/04/05 17:59:18] [info] [----------MIGRATION END------]:
[2023/04/05 17:59:38] [info] [----------MIGRATION----------]:
[2023/04/05 17:59:38] [info] [----------MIGRATION END------]:
[2023/04/05 17:59:47] [info] [----------MIGRATION----------]:
[2023/04/05 17:59:47] [info] [----------MIGRATION END------]:
[2023/04/05 17:59:49] [info] [----------MIGRATION----------]:
[2023/04/05 17:59:49] [info] [----------MIGRATION END------]:
[2023/04/05 18:00:00] [info] [updateRound_CREATE_NEW_ROUND]:{"symbol":"ETHUSDT","time":"2023-04-05T11:00:00.076Z","openTime":"2023-04-05T11:00:00.000Z","closeTime":"2023-04-05T11:00:59.000Z","openPrice":1575.4983275984216,"highPrice":1584.31700186211,"lowPrice":1496.9291163244802,"closePrice":1583.0321118733968,"canTrade":false,"closed":false,"buyAmount":0,"sellAmount":0,"buyCount":0,"sellCount":0,"_id":"642d54b0fe4eba2de8b4e3a8","__v":0}
[2023/04/05 18:00:00] [info] [updateRound_CREATE_NEW_ROUND]:{"symbol":"BNBUSDT","time":"2023-04-05T11:00:00.093Z","openTime":"2023-04-05T11:00:00.000Z","closeTime":"2023-04-05T11:00:59.000Z","openPrice":223.73095390277462,"highPrice":224.63646005399198,"lowPrice":219.60549539788028,"closePrice":232.6071288571955,"canTrade":false,"closed":false,"buyAmount":0,"sellAmount":0,"buyCount":0,"sellCount":0,"_id":"642d54b0fe4eba2de8b4e3ad","__v":0}
[2023/04/05 18:00:00] [info] [updateRound_CREATE_NEW_ROUND]:{"symbol":"BTCUSDT","time":"2023-04-05T11:00:00.107Z","openTime":"2023-04-05T11:00:00.000Z","closeTime":"2023-04-05T11:00:59.000Z","openPrice":25524.244365973726,"highPrice":25967.279166806584,"lowPrice":24583.756131979462,"closePrice":25122.97666887042,"canTrade":false,"closed":false,"buyAmount":0,"sellAmount":0,"buyCount":0,"sellCount":0,"_id":"642d54b0fe4eba2de8b4e3b2","__v":0}
[2023/04/05 18:00:59] [info] [----------MIGRATION----------]:
[2023/04/05 18:00:59] [info] [----------MIGRATION END------]:
[2023/04/05 18:01:01] [info] [----------MIGRATION----------]:
[2023/04/05 18:01:01] [info] [----------MIGRATION END------]:
[2023/04/05 18:01:01] [info] [updateRound_CREATE_NEW_ROUND]:{"symbol":"ETHUSDT","time":"2023-04-05T11:01:01.187Z","openTime":"2023-04-05T11:01:00.000Z","closeTime":"2023-04-05T11:01:59.000Z","openPrice":1583.0321118733968,"highPrice":1634.263037882331,"lowPrice":1527.0252194679415,"closePrice":1515.118641087157,"canTrade":true,"closed":false,"buyAmount":0,"sellAmount":0,"buyCount":0,"sellCount":0,"_id":"642d54edb6c7259710837d15","__v":0}
[2023/04/05 18:01:01] [info] [updateRound_CREATE_NEW_ROUND]:{"symbol":"BNBUSDT","time":"2023-04-05T11:01:01.219Z","openTime":"2023-04-05T11:01:00.000Z","closeTime":"2023-04-05T11:01:59.000Z","openPrice":232.6071288571955,"highPrice":243.50614260758553,"lowPrice":225.09259859581684,"closePrice":232.09351817701653,"canTrade":true,"closed":false,"buyAmount":0,"sellAmount":0,"buyCount":0,"sellCount":0,"_id":"642d54edb6c7259710837d21","__v":0}
[2023/04/05 18:01:01] [info] [updateRound_CREATE_NEW_ROUND]:{"symbol":"BTCUSDT","time":"2023-04-05T11:01:01.237Z","openTime":"2023-04-05T11:01:00.000Z","closeTime":"2023-04-05T11:01:59.000Z","openPrice":25122.97666887042,"highPrice":25916.375929684025,"lowPrice":24811.45076430964,"closePrice":24523.557660427676,"canTrade":true,"closed":false,"buyAmount":0,"sellAmount":0,"buyCount":0,"sellCount":0,"_id":"642d54edb6c7259710837d26","__v":0}
[2023/04/05 18:02:00] [info] [updateRound_CREATE_NEW_ROUND]:{"symbol":"ETHUSDT","time":"2023-04-05T11:02:00.040Z","openTime":"2023-04-05T11:02:00.000Z","closeTime":"2023-04-05T11:02:59.000Z","openPrice":1515.118641087157,"highPrice":1576.436861455876,"lowPrice":1480.2836422694525,"closePrice":1508.792717914864,"canTrade":true,"closed":false,"buyAmount":0,"sellAmount":0,"buyCount":0,"sellCount":0,"_id":"642d5528b6c72597108387e0","__v":0}
[2023/04/05 18:02:00] [info] [updateRound_CREATE_NEW_ROUND]:{"symbol":"BNBUSDT","time":"2023-04-05T11:02:00.058Z","openTime":"2023-04-05T11:02:00.000Z","closeTime":"2023-04-05T11:02:59.000Z","openPrice":232.09351817701653,"highPrice":242.9838330512698,"lowPrice":226.99990964076792,"closePrice":232.1071562806803,"canTrade":true,"closed":false,"buyAmount":0,"sellAmount":0,"buyCount":0,"sellCount":0,"_id":"642d5528b6c72597108387e5","__v":0}
[2023/04/05 18:02:00] [info] [updateRound_CREATE_NEW_ROUND]:{"symbol":"BTCUSDT","time":"2023-04-05T11:02:00.070Z","openTime":"2023-04-05T11:02:00.000Z","closeTime":"2023-04-05T11:02:59.000Z","openPrice":24523.557660427676,"highPrice":24678.95225638804,"lowPrice":23622.36745729277,"closePrice":23320.104623400886,"canTrade":true,"closed":false,"buyAmount":0,"sellAmount":0,"buyCount":0,"sellCount":0,"_id":"642d5528b6c72597108387ea","__v":0}
[2023/04/05 18:03:00] [info] [updateRound_CREATE_NEW_ROUND]:{"symbol":"ETHUSDT","time":"2023-04-05T11:03:00.068Z","openTime":"2023-04-05T11:03:00.000Z","closeTime":"2023-04-05T11:03:59.000Z","openPrice":1508.792717914864,"highPrice":1571.4787589764544,"lowPrice":1460.2190837151488,"closePrice":1582.284191196009,"canTrade":true,"closed":false,"buyAmount":0,"sellAmount":0,"buyCount":0,"sellCount":0,"_id":"642d5564b6c7259710839337","__v":0}
[2023/04/05 18:03:00] [info] [updateRound_CREATE_NEW_ROUND]:{"symbol":"BNBUSDT","time":"2023-04-05T11:03:00.081Z","openTime":"2023-04-05T11:03:00.000Z","closeTime":"2023-04-05T11:03:59.000Z","openPrice":232.1071562806803,"highPrice":237.09423250200265,"lowPrice":231.02955834440849,"closePrice":227.6064663011847,"canTrade":true,"closed":false,"buyAmount":0,"sellAmount":0,"buyCount":0,"sellCount":0,"_id":"642d5564b6c725971083933d","__v":0}
[2023/04/05 18:03:00] [info] [updateRound_CREATE_NEW_ROUND]:{"symbol":"BTCUSDT","time":"2023-04-05T11:03:00.091Z","openTime":"2023-04-05T11:03:00.000Z","closeTime":"2023-04-05T11:03:59.000Z","openPrice":23320.104623400886,"highPrice":23600.395619855342,"lowPrice":22896.69591961062,"closePrice":23439.615039088527,"canTrade":true,"closed":false,"buyAmount":0,"sellAmount":0,"buyCount":0,"sellCount":0,"_id":"642d5564b6c7259710839342","__v":0}
[2023/04/05 18:04:00] [info] [updateRound_CREATE_NEW_ROUND]:{"symbol":"ETHUSDT","time":"2023-04-05T11:04:00.080Z","openTime":"2023-04-05T11:04:00.000Z","closeTime":"2023-04-05T11:04:59.000Z","openPrice":1582.284191196009,"highPrice":1655.986758099494,"lowPrice":1515.1873010059937,"closePrice":1645.6442324899153,"canTrade":true,"closed":false,"buyAmount":0,"sellAmount":0,"buyCount":0,"sellCount":0,"_id":"642d55a0b6c7259710839e59","__v":0}
[2023/04/05 18:04:00] [info] [updateRound_CREATE_NEW_ROUND]:{"symbol":"BNBUSDT","time":"2023-04-05T11:04:00.091Z","openTime":"2023-04-05T11:04:00.000Z","closeTime":"2023-04-05T11:04:59.000Z","openPrice":227.6064663011847,"highPrice":235.33436735017256,"lowPrice":227.5233032428584,"closePrice":230.88492421573434,"canTrade":true,"closed":false,"buyAmount":0,"sellAmount":0,"buyCount":0,"sellCount":0,"_id":"642d55a0b6c7259710839e5e","__v":0}
[2023/04/05 18:04:00] [info] [updateRound_CREATE_NEW_ROUND]:{"symbol":"BTCUSDT","time":"2023-04-05T11:04:00.103Z","openTime":"2023-04-05T11:04:00.000Z","closeTime":"2023-04-05T11:04:59.000Z","openPrice":23439.615039088527,"highPrice":23872.70790874925,"lowPrice":22588.793924124213,"closePrice":22441.982245317773,"canTrade":true,"closed":false,"buyAmount":0,"sellAmount":0,"buyCount":0,"sellCount":0,"_id":"642d55a0b6c7259710839e63","__v":0}
[2023/04/05 18:04:29] [info] [----------MIGRATION----------]:
[2023/04/05 18:04:29] [info] [----------MIGRATION END------]:
[2023/04/05 18:05:00] [info] [updateRound_CREATE_NEW_ROUND]:{"symbol":"ETHUSDT","time":"2023-04-05T11:05:00.088Z","openTime":"2023-04-05T11:05:00.000Z","closeTime":"2023-04-05T11:05:59.000Z","openPrice":1645.6442324899153,"highPrice":1671.2655067738597,"lowPrice":1601.0073264403036,"closePrice":1583.8443893990232,"canTrade":true,"closed":false,"buyAmount":0,"sellAmount":0,"buyCount":0,"sellCount":0,"_id":"642d55dcefcf55ca2bf0a905","__v":0}
[2023/04/05 18:05:00] [info] [updateRound_CREATE_NEW_ROUND]:{"symbol":"BNBUSDT","time":"2023-04-05T11:05:00.104Z","openTime":"2023-04-05T11:05:00.000Z","closeTime":"2023-04-05T11:05:59.000Z","openPrice":230.88492421573434,"highPrice":240.676386610091,"lowPrice":221.13120363888285,"closePrice":241.3591796405144,"canTrade":true,"closed":false,"buyAmount":0,"sellAmount":0,"buyCount":0,"sellCount":0,"_id":"642d55dcefcf55ca2bf0a90a","__v":0}
[2023/04/05 18:05:00] [info] [updateRound_CREATE_NEW_ROUND]:{"symbol":"BTCUSDT","time":"2023-04-05T11:05:00.117Z","openTime":"2023-04-05T11:05:00.000Z","closeTime":"2023-04-05T11:05:59.000Z","openPrice":22441.982245317773,"highPrice":23253.208134941484,"lowPrice":21817.84532650233,"closePrice":22306.62915321565,"canTrade":true,"closed":false,"buyAmount":0,"sellAmount":0,"buyCount":0,"sellCount":0,"_id":"642d55dcefcf55ca2bf0a90f","__v":0}
[2023/04/05 18:05:05] [info] [----------MIGRATION----------]:
[2023/04/05 18:05:07] [info] [----------MIGRATION----------]:
[2023/04/05 18:05:07] [info] [----------MIGRATION END------]:
